<?xml version="1.0" encoding="UTF-8"?>
<coverage generated="1558110364">
  <project timestamp="1558110364">
    <package name="LiFeAiR\PubSub\AMQP">
      <file name="/Users/p.mozhchil/src/mail.ru/delivery/seoPubSub/src/AMQPPubSubAdapter.php">
        <class name="LiFeAiR\PubSub\AMQP\AMQPPubSubAdapter" namespace="LiFeAiR\PubSub\AMQP">
          <metrics complexity="8" methods="6" coveredmethods="3" conditionals="0" coveredconditionals="0" statements="21" coveredstatements="5" elements="27" coveredelements="8"/>
        </class>
        <line num="21" type="method" name="__construct" visibility="public" complexity="1" crap="1" count="1"/>
        <line num="23" type="stmt" count="1"/>
        <line num="24" type="stmt" count="1"/>
        <line num="31" type="method" name="getClient" visibility="public" complexity="1" crap="1" count="1"/>
        <line num="33" type="stmt" count="1"/>
        <line num="42" type="method" name="subscribe" visibility="public" complexity="2" crap="6" count="0"/>
        <line num="44" type="stmt" count="0"/>
        <line num="46" type="stmt" count="0"/>
        <line num="47" type="stmt" count="0"/>
        <line num="48" type="stmt" count="0"/>
        <line num="50" type="stmt" count="0"/>
        <line num="51" type="stmt" count="0"/>
        <line num="54" type="stmt" count="0"/>
        <line num="55" type="stmt" count="0"/>
        <line num="63" type="method" name="publish" visibility="public" complexity="1" crap="2" count="0"/>
        <line num="65" type="stmt" count="0"/>
        <line num="67" type="stmt" count="0"/>
        <line num="68" type="stmt" count="0"/>
        <line num="70" type="stmt" count="0"/>
        <line num="71" type="stmt" count="0"/>
        <line num="79" type="method" name="publishBatch" visibility="public" complexity="2" crap="6" count="0"/>
        <line num="81" type="stmt" count="0"/>
        <line num="82" type="stmt" count="0"/>
        <line num="84" type="stmt" count="0"/>
        <line num="86" type="method" name="__destruct" visibility="public" complexity="1" crap="1" count="1"/>
        <line num="88" type="stmt" count="1"/>
        <line num="89" type="stmt" count="1"/>
        <metrics loc="90" ncloc="61" classes="1" methods="6" coveredmethods="3" conditionals="0" coveredconditionals="0" statements="21" coveredstatements="5" elements="27" coveredelements="8"/>
      </file>
    </package>
    <metrics files="1" loc="90" ncloc="61" classes="1" methods="6" coveredmethods="3" conditionals="0" coveredconditionals="0" statements="21" coveredstatements="5" elements="27" coveredelements="8"/>
  </project>
</coverage>
